\BOOKMARK [2][-]{subsection.0.1}{\376\377\000L\000i\000n\000k\000\040\000d\000o\000\040\000r\000e\000p\000o\000z\000y\000t\000o\000r\000i\000u\000m\000\040\000n\000a\000\040\000g\000i\000t\000h\000u\000b}{}% 1
\BOOKMARK [1][-]{section.1}{\376\377\000A\000l\000g\000o\000r\000y\000t\000m\000\040\000P\000S\000O}{}% 2
\BOOKMARK [2][-]{subsection.1.1}{\376\377\0001\000.\000\040\000T\000e\000o\000r\000i\000a}{section.1}% 3
\BOOKMARK [3][-]{subsubsection.1.1.1}{\376\377\0001\000.\0001\000\040\000W\000s\000t\001\031\000p}{subsection.1.1}% 4
\BOOKMARK [3][-]{subsubsection.1.1.2}{\376\377\0001\000.\0002\000\040\000Z\000a\000s\000a\000d\000y\000\040\000d\000z\000i\000a\001\102\000a\000n\000i\000a\000\040\000a\000l\000g\000o\000r\000y\000t\000m\000u\000\040\000P\000S\000O}{subsection.1.1}% 5
\BOOKMARK [3][-]{subsubsection.1.1.3}{\376\377\0001\000.\0003\000\040\000S\000c\000h\000e\000m\000a\000t\000\040\000d\000z\000i\000a\001\102\000a\000n\000i\000a\000\040\000a\000l\000g\000o\000r\000y\000t\000m\000u\000\040\000P\000S\000O}{subsection.1.1}% 6
\BOOKMARK [2][-]{subsection.1.2}{\376\377\0002\000.\000\040\000R\000o\000z\000w\000i\001\005\000z\000a\000n\000i\000e}{section.1}% 7
\BOOKMARK [2][-]{subsection.1.3}{\376\377\0002\000.\0001\000\040\000I\000m\000p\000o\000r\000t\000o\000w\000a\000n\000i\000e\000\040\000p\000o\000t\000r\000z\000e\000b\000n\000y\000c\000h\000\040\000b\000i\000b\000l\000i\000o\000t\000e\000k}{section.1}% 8
\BOOKMARK [2][-]{subsection.1.4}{\376\377\0002\000.\0002\000\040\000Z\000d\000e\000f\000i\000n\000i\000o\000w\000a\000n\000i\000e\000\040\000f\000u\000n\000k\000c\000j\000i\000\040\000c\000e\000l\000u}{section.1}% 9
\BOOKMARK [2][-]{subsection.1.5}{\376\377\0002\000.\0003\000\040\000Z\000a\000i\000m\000p\000l\000e\000m\000e\000n\000t\000o\000w\000a\000n\000i\000e\000\040\000k\000l\000a\000s\000y\000\040\000o\000d\000p\000o\000w\000i\000a\000d\000a\000j\001\005\000c\000e\000j\000\040\000z\000a\000\040\000t\000w\000o\000r\000z\000e\000n\000i\000e\000\040\000c\000z\001\005\000s\000t\000e\000c\000z\000e\000k\000\040\000r\000o\000j\000u}{section.1}% 10
\BOOKMARK [2][-]{subsection.1.6}{\376\377\0002\000.\0004\000\040\000F\000u\000n\000k\000c\000j\000a\000\040\000o\000d\000p\000o\000w\000i\000a\000d\000a\000j\001\005\000c\000a\000\040\000z\000a\000\040\000w\000y\000k\000o\000n\000a\000n\000i\000e\000\040\000a\000l\000g\000o\000r\000y\000t\000m\000u\000\040\000P\000S\000O}{section.1}% 11
\BOOKMARK [2][-]{subsection.1.7}{\376\377\0002\000.\0005\000\040\000W\000y\000w\000o\001\102\000y\000w\000a\000n\000i\000e\000\040\000a\000l\000g\000o\000r\000y\000t\000m\000u\000\040\000P\000S\000O\000\040\000w\000r\000a\000z\000\040\000z\000\040\000o\000d\000p\000o\000w\000i\000e\000d\000n\000i\000m\000i\000\040\000p\000a\000r\000a\000m\000e\000t\000r\000a\000m\000i\000\040\000\050\000M\000A\000I\000N\000\051}{section.1}% 12
\BOOKMARK [2][-]{subsection.1.8}{\376\377\0002\000.\0006\000\040\000T\000w\000o\000r\000z\000e\000n\000i\000e\000\040\000a\000n\000i\000m\000a\000c\000j\000i\000\040\000w\000y\000k\000r\000e\000s\000u\000\040\000r\000u\000c\000h\000u\000\040\000c\000z\001\005\000s\000t\000e\000k\000\040\000d\000l\000a\000\040\000f\000u\000n\000k\000c\000j\000i\000\040\000s\000f\000e\000r\000y\000c\000z\000n\000e\000j}{section.1}% 13
\BOOKMARK [2][-]{subsection.1.9}{\376\377\0002\000.\0007\000\040\000T\000w\000o\000r\000z\000e\000n\000i\000e\000\040\000a\000n\000i\000m\000a\000c\000j\000i\000\040\000w\000y\000k\000r\000e\000s\000u\000\040\000r\000u\000c\000h\000u\000\040\000c\000z\001\005\000s\000t\000e\000k\000\040\000d\000l\000a\000\040\000f\000u\000n\000k\000c\000j\000i\000\040\000r\000a\000s\000t\000r\000i\000g\000i\000n}{section.1}% 14
\BOOKMARK [2][-]{subsection.1.10}{\376\377\0002\000.\0008\000\040\000T\000w\000o\000r\000z\000e\000n\000i\000e\000\040\000a\000n\000i\000m\000a\000c\000j\000i\000\040\000w\000y\000k\000r\000e\000s\000u\000\040\000r\000u\000c\000h\000u\000\040\000c\000z\001\005\000s\000t\000e\000k\000\040\000d\000l\000a\000\040\000f\000u\000n\000k\000c\000j\000i\000\040\000s\000f\000e\000r\000y\000c\000z\000n\000e\000j\000\040\000w\000\040\000w\000e\000r\000s\000j\000i\000\040\0002\000D}{section.1}% 15
\BOOKMARK [2][-]{subsection.1.11}{\376\377\0002\000.\0009\000\040\000T\000w\000o\000r\000z\000e\000n\000i\000e\000\040\000a\000n\000i\000m\000a\000c\000j\000i\000\040\000w\000y\000k\000r\000e\000s\000u\000\040\000r\000u\000c\000h\000u\000\040\000c\000z\001\005\000s\000t\000e\000k\000\040\000d\000l\000a\000\040\000f\000u\000n\000k\000c\000j\000i\000\040\000r\000a\000s\000t\000r\000i\000g\000i\000n\000\040\000w\000\040\000w\000e\000r\000s\000j\000i\000\040\0002\000D}{section.1}% 16
\BOOKMARK [2][-]{subsection.1.12}{\376\377\0002\000.\0001\0000\000\040\000W\000y\000k\000r\000e\000s\000\040\000z\000m\000i\000a\000n\000y\000\040\000w\000a\000r\000t\000o\001\133\000c\000i\000\040\000f\000u\000n\000k\000c\000j\000i\000\040\000f\000i\000t\000n\000e\000s\000s\000\040\000w\000z\000g\000l\001\031\000d\000e\000m\000\040\000k\000a\001\174\000d\000e\000j\000\040\000i\000t\000e\000r\000a\000c\000j\000i\000\040\000d\000l\000a\000\040\000p\000r\000z\000y\000k\001\102\000a\000d\000u\000\040\000f\000u\000n\000k\000c\000j\000i\000\040\000s\000f\000e\000r\000y\000c\000z\000n\000e\000j}{section.1}% 17
\BOOKMARK [2][-]{subsection.1.13}{\376\377\0002\000.\0001\0001\000\040\000W\000y\000k\000r\000e\000s\000\040\000z\000m\000i\000a\000n\000y\000\040\000w\000a\000r\000t\000o\001\133\000c\000i\000\040\000f\000u\000n\000k\000c\000j\000i\000\040\000f\000i\000t\000n\000e\000s\000s\000\040\000w\000z\000g\000l\001\031\000d\000e\000m\000\040\000k\000a\001\174\000d\000e\000j\000\040\000i\000t\000e\000r\000a\000c\000j\000i\000\040\000d\000l\000a\000\040\000p\000r\000z\000y\000k\001\102\000a\000d\000u\000\040\000f\000u\000n\000k\000c\000j\000i\000\040\000r\000a\000s\000t\000r\000i\000g\000i\000n}{section.1}% 18
\BOOKMARK [2][-]{subsection.1.14}{\376\377\0002\000.\0001\0002\000\040\000W\000y\000k\000r\000e\000s\000\040\001\133\000r\000e\000d\000n\000i\000e\000j\000\040\000w\000a\000r\000t\000o\001\133\000c\000i\000\040\000f\000u\000n\000k\000c\000j\000i\000\040\000c\000e\000l\000u\000\040\000d\000l\000a\000\040\000k\000a\001\174\000d\000e\000j\000\040\000c\000z\001\005\000s\000t\000e\000c\000z\000k\000i\000\040\000d\000l\000a\000\040\000f\000u\000n\000k\000c\000j\000i\000\040\000s\000f\000e\000r\000y\000c\000z\000n\000e\000j}{section.1}% 19
\BOOKMARK [2][-]{subsection.1.15}{\376\377\0002\000.\0001\0003\000\040\000W\000y\000k\000r\000e\000s\000\040\001\133\000r\000e\000d\000n\000i\000e\000j\000\040\000w\000a\000r\000t\000o\001\133\000c\000i\000\040\000f\000u\000n\000k\000c\000j\000i\000\040\000c\000e\000l\000u\000\040\000d\000l\000a\000\040\000k\000a\001\174\000d\000e\000j\000\040\000c\000z\001\005\000s\000t\000e\000c\000z\000k\000i\000\040\000d\000l\000a\000\040\000f\000u\000n\000k\000c\000j\000i\000\040\000r\000a\000s\000t\000r\000i\000g\000i\000n}{section.1}% 20
\BOOKMARK [1][-]{section.2}{\376\377\000A\000l\000g\000o\000r\000y\000t\000m\000\040\000m\000r\000\363\000w\000k\000o\000w\000y}{}% 21
\BOOKMARK [2][-]{subsection.2.1}{\376\377\0003\000\040\000T\000e\000o\000r\000i\000a}{section.2}% 22
\BOOKMARK [3][-]{subsubsection.2.1.1}{\376\377\0003\000.\0001\000\040\000W\000s\000t\001\031\000p}{subsection.2.1}% 23
\BOOKMARK [3][-]{subsubsection.2.1.2}{\376\377\0003\000.\0002\000\040\000S\000c\000h\000e\000m\000a\000t\000\040\000d\000z\000i\000a\001\102\000a\000n\000i\000a\000\040\000a\000l\000g\000o\000r\000y\000t\000m\000u\000\040\000m\000r\000\363\000w\000k\000o\000w\000e\000g\000o}{subsection.2.1}% 24
\BOOKMARK [2][-]{subsection.2.2}{\376\377\0004\000.\000\040\000R\000o\000z\000w\000i\001\005\000z\000a\000n\000i\000e}{section.2}% 25
\BOOKMARK [2][-]{subsection.2.3}{\376\377\0004\000.\0001\000\040\000I\000m\000p\000o\000r\000t\000o\000w\000a\000n\000i\000e\000\040\000p\000o\000t\000r\000z\000e\000b\000n\000y\000c\000h\000\040\000b\000i\000b\000l\000i\000o\000t\000e\000k}{section.2}% 26
\BOOKMARK [2][-]{subsection.2.4}{\376\377\0004\000.\0002\000\040\000Z\000d\000e\000f\000i\000n\000i\000o\000w\000a\000n\000i\000e\000\040\000f\000u\000n\000k\000c\000j\000i\000\040\000c\000e\000l\000u}{section.2}% 27
\BOOKMARK [2][-]{subsection.2.5}{\376\377\0004\000.\0003\000\040\000U\000s\000t\000a\000l\000a\000m\000y\000\040\000p\000a\000r\000a\000m\000e\000t\000r\000y\000\040\000o\000p\000t\000y\000m\000a\000l\000i\000z\000a\000c\000j\000i}{section.2}% 28
\BOOKMARK [2][-]{subsection.2.6}{\376\377\0004\000.\0004\000\040\000F\000u\000n\000k\000c\000j\000a\000\040\000U\000p\000d\000a\000t\000e}{section.2}% 29
\BOOKMARK [2][-]{subsection.2.7}{\376\377\0004\000.\0005\000\040\000W\000y\000k\000r\000e\000s\000y\000\040\000d\000l\000a\000\040\000F\000u\000n\000k\000c\000j\000i\000\040\000c\000e\000l\000u\000\040\000-\000\040\000s\000f\000e\000r\000a}{section.2}% 30
\BOOKMARK [2][-]{subsection.2.8}{\376\377\0004\000.\0006\000\040\000W\000y\000k\000r\000e\000s\000y\000\040\000d\000l\000a\000\040\000F\000u\000n\000k\000c\000j\000i\000\040\000c\000e\000l\000u\000\040\000-\000\040\000R\000a\000s\000t\000r\000i\000g\000i\000n}{section.2}% 31
\BOOKMARK [2][-]{subsection.2.9}{\376\377\0004\000.\0007\000\040\000W\000y\000k\000r\000e\000s\000y\000\040\000p\000r\000z\000e\000d\000s\000t\000a\000w\000i\000a\000j\001\005\000\040\000z\000m\000i\000a\000n\001\031\000\040\000n\000a\000j\000l\000e\000p\000s\000z\000e\000g\000o\000\040\000w\000y\000n\000i\000k\000u\000\040\000d\000l\000a\000\040\000k\000a\001\174\000d\000e\000j\000\040\000f\000u\000n\000k\000c\000j\000i\000\040\000w\000\040\000k\000o\000l\000e\000j\000n\000y\000c\000h\000\040\000i\000t\000e\000r\000a\000c\000j\000a\000c\000h}{section.2}% 32
\BOOKMARK [3][-]{subsubsection.2.9.1}{\376\377\000W\000y\000k\000r\000e\000s\000u\000\040\000f\000u\000n\000k\000c\000j\000i\000\040\000c\000e\000l\000u\000\040\000-\000\040\000s\000f\000e\000r\000a}{subsection.2.9}% 33
\BOOKMARK [3][-]{subsubsection.2.9.2}{\376\377\000W\000y\000k\000r\000e\000s\000u\000\040\000f\000u\000n\000k\000c\000j\000i\000\040\000c\000e\000l\000u\000\040\000-\000\040\000R\000a\000s\000t\000r\000i\000g\000i\000n\000a}{subsection.2.9}% 34
\BOOKMARK [2][-]{subsection.2.10}{\376\377\000P\000o\000d\000s\000u\000m\000o\000w\000a\000n\000i\000e\000:}{section.2}% 35
\BOOKMARK [2][-]{subsection.2.11}{\376\377\000W\000n\000i\000o\000s\000k\000i\000:}{section.2}% 36
\BOOKMARK [2][-]{subsection.2.12}{\376\377\0005\000.\000\040\000P\000o\000d\000s\000u\000m\000o\000w\000a\000n\000i\000e\000:}{section.2}% 37
\BOOKMARK [2][-]{subsection.2.13}{\376\377\0006\000.\000\040\000W\000n\000i\000o\000s\000k\000i\000:}{section.2}% 38
